<?xml version="1.0" encoding="UTF-8"?>
<!-- Generated by org.testng.reporters.JUnitReportReporter -->
<testsuite hostname="Believer" failures="0" tests="3" name="Tests.TC02_LandingTest" time="6.599" errors="0" timestamp="2025-09-30T15:04:13 EEST" skipped="0">
  <testcase classname="Tests.TC02_LandingTest" name="checkingNumberOfSelectedProductsTC" time="2.202"/>
  <testcase classname="Tests.TC02_LandingTest" name="clickOnCartIcon" time="2.089"/>
  <testcase classname="Tests.TC02_LandingTest" name="addingRandomProductsToCartTC" time="2.308"/>
</testsuite> <!-- Tests.TC02_LandingTest -->
