<?xml version="1.0" encoding="UTF-8"?>
<testsuite xmlns:xsi="http://www.w3.org/2001/XMLSchema-instance" xsi:noNamespaceSchemaLocation="https://maven.apache.org/surefire/maven-surefire-plugin/xsd/surefire-test-report-3.0.xsd" version="3.0" name="TestSuite" time="22.284" tests="8" errors="0" skipped="0" failures="0">
  <properties>
[...]
</properties>
  <testcase name="validLoginTC" classname="Tests.TC01_LoginTest" time="0.311">
    <system-out><![CDATA[[INFO] 30-09-2025 15:03:52 [main] [Tests.TC01_LoginTest.setup(TC01_LoginTest.java:30)]  - null
[INFO] 30-09-2025 15:03:53 [main] [Tests.TC01_LoginTest.setup(TC01_LoginTest.java:32)]  - edge driver is opened
[INFO] 30-09-2025 15:03:54 [main] [Tests.TC01_LoginTest.setup(TC01_LoginTest.java:34)]  - Page is redirected to the URL
[INFO] 30-09-2025 15:03:54 [main] [Listeners.IInvokedMethodListenerClass.afterInvocation(IInvokedMethodListenerClass.java:31)]  - Test Case setup passed
[INFO] 30-09-2025 15:03:54 [main] [Listeners.ITestResultListenerClass.onTestStart(ITestResultListenerClass.java:9)]  - Test Case validLoginTC started
[INFO] 30-09-2025 15:03:55 [main] [Listeners.IInvokedMethodListenerClass.afterInvocation(IInvokedMethodListenerClass.java:31)]  - Test Case validLoginTC passed
]]></system-out>
    <system-err><![CDATA[Sep 30, 2025 3:03:52 PM org.openqa.selenium.manager.SeleniumManager lambda$runCommand$1
WARNING: There was an error managing msedgedriver (error sending request for url (https://msedgedriver.azureedge.net/LATEST_RELEASE_140_WINDOWS): error trying to connect: dns error: No such host is known. (os error 11001)); using driver found in the cache
Sep 30, 2025 3:03:53 PM org.openqa.selenium.devtools.CdpVersionFinder findNearestMatch
WARNING: Unable to find CDP implementation matching 140
Sep 30, 2025 3:03:53 PM org.openqa.selenium.chromium.ChromiumDriver lambda$new$5
WARNING: Unable to find version of CDP to use for 140.0.3485.94. You may need to include a dependency on a specific version of the CDP using something similar to `org.seleniumhq.selenium:selenium-devtools-v86:4.18.1` where the version ("v86") matches the version of the chromium-based browser you're using and the version number of the artifact is the same as Selenium's.
]]></system-err>
  </testcase>
  <testcase name="addingRandomProductsToCartTC" classname="Tests.TC02_LandingTest" time="0.336">
    <system-out><![CDATA[[INFO] 30-09-2025 15:03:55 [main] [Listeners.IInvokedMethodListenerClass.afterInvocation(IInvokedMethodListenerClass.java:31)]  - Test Case quit passed
[INFO] 30-09-2025 15:03:55 [main] [Tests.TC02_LandingTest.login(TC02_LandingTest.java:30)]  - null
[INFO] 30-09-2025 15:03:55 [main] [Tests.TC02_LandingTest.login(TC02_LandingTest.java:32)]  - Edge driver is opened
[INFO] 30-09-2025 15:03:56 [main] [Tests.TC02_LandingTest.login(TC02_LandingTest.java:34)]  - Page is redirected to the URL
[INFO] 30-09-2025 15:03:57 [main] [Listeners.IInvokedMethodListenerClass.afterInvocation(IInvokedMethodListenerClass.java:31)]  - Test Case login passed
[INFO] 30-09-2025 15:03:57 [main] [Tests.TC02_LandingTest.setup(TC02_LandingTest.java:48)]  - null
[INFO] 30-09-2025 15:03:57 [main] [Tests.TC02_LandingTest.setup(TC02_LandingTest.java:50)]  - Edge driver is opened
[INFO] 30-09-2025 15:03:58 [main] [Tests.TC02_LandingTest.setup(TC02_LandingTest.java:52)]  - Page is redirected to the URL
[INFO] 30-09-2025 15:03:58 [main] [Listeners.IInvokedMethodListenerClass.afterInvocation(IInvokedMethodListenerClass.java:31)]  - Test Case setup passed
[INFO] 30-09-2025 15:03:58 [main] [Listeners.ITestResultListenerClass.onTestStart(ITestResultListenerClass.java:9)]  - Test Case addingRandomProductsToCartTC started
[INFO] 30-09-2025 15:03:58 [main] [Pages.P02_LandingPage.addRandomProducts(P02_LandingPage.java:65)]  - randomNumber 1
[INFO] 30-09-2025 15:03:59 [main] [Pages.P02_LandingPage.addRandomProducts(P02_LandingPage.java:65)]  - randomNumber 2
[INFO] 30-09-2025 15:03:59 [main] [Pages.P02_LandingPage.addRandomProducts(P02_LandingPage.java:65)]  - randomNumber 5
[INFO] 30-09-2025 15:03:59 [main] [Pages.P02_LandingPage.getNumberOfProductsOnCartIcon(P02_LandingPage.java:43)]  - number of products on cart: 3
[INFO] 30-09-2025 15:03:59 [main] [Pages.P02_LandingPage.getNumberOfSelectedProducts(P02_LandingPage.java:54)]  - selected products: 3
[INFO] 30-09-2025 15:03:59 [main] [Listeners.IInvokedMethodListenerClass.afterInvocation(IInvokedMethodListenerClass.java:31)]  - Test Case addingRandomProductsToCartTC passed
]]></system-out>
    <system-err><![CDATA[Sep 30, 2025 3:03:55 PM org.openqa.selenium.manager.SeleniumManager lambda$runCommand$1
WARNING: There was an error managing msedgedriver (error sending request for url (https://msedgedriver.azureedge.net/LATEST_RELEASE_140_WINDOWS): error trying to connect: dns error: No such host is known. (os error 11001)); using driver found in the cache
Sep 30, 2025 3:03:55 PM org.openqa.selenium.devtools.CdpVersionFinder findNearestMatch
WARNING: Unable to find CDP implementation matching 140
Sep 30, 2025 3:03:55 PM org.openqa.selenium.chromium.ChromiumDriver lambda$new$5
WARNING: Unable to find version of CDP to use for 140.0.3485.94. You may need to include a dependency on a specific version of the CDP using something similar to `org.seleniumhq.selenium:selenium-devtools-v86:4.18.1` where the version ("v86") matches the version of the chromium-based browser you're using and the version number of the artifact is the same as Selenium's.
Sep 30, 2025 3:03:57 PM org.openqa.selenium.manager.SeleniumManager lambda$runCommand$1
WARNING: There was an error managing msedgedriver (error sending request for url (https://msedgedriver.azureedge.net/LATEST_RELEASE_140_WINDOWS): error trying to connect: dns error: No such host is known. (os error 11001)); using driver found in the cache
Sep 30, 2025 3:03:57 PM org.openqa.selenium.devtools.CdpVersionFinder findNearestMatch
WARNING: Unable to find CDP implementation matching 140
Sep 30, 2025 3:03:57 PM org.openqa.selenium.chromium.ChromiumDriver lambda$new$5
WARNING: Unable to find version of CDP to use for 140.0.3485.94. You may need to include a dependency on a specific version of the CDP using something similar to `org.seleniumhq.selenium:selenium-devtools-v86:4.18.1` where the version ("v86") matches the version of the chromium-based browser you're using and the version number of the artifact is the same as Selenium's.
]]></system-err>
  </testcase>
  <testcase name="checkingNumberOfSelectedProductsTC" classname="Tests.TC02_LandingTest" time="0.39">
    <system-out><![CDATA[[INFO] 30-09-2025 15:03:59 [main] [Listeners.IInvokedMethodListenerClass.afterInvocation(IInvokedMethodListenerClass.java:31)]  - Test Case quit passed
[INFO] 30-09-2025 15:03:59 [main] [Tests.TC02_LandingTest.setup(TC02_LandingTest.java:48)]  - null
[INFO] 30-09-2025 15:04:00 [main] [Tests.TC02_LandingTest.setup(TC02_LandingTest.java:50)]  - Edge driver is opened
[INFO] 30-09-2025 15:04:00 [main] [Tests.TC02_LandingTest.setup(TC02_LandingTest.java:52)]  - Page is redirected to the URL
[INFO] 30-09-2025 15:04:01 [main] [Listeners.IInvokedMethodListenerClass.afterInvocation(IInvokedMethodListenerClass.java:31)]  - Test Case setup passed
[INFO] 30-09-2025 15:04:01 [main] [Listeners.ITestResultListenerClass.onTestStart(ITestResultListenerClass.java:9)]  - Test Case checkingNumberOfSelectedProductsTC started
[INFO] 30-09-2025 15:04:01 [main] [Pages.P02_LandingPage.addAllProductsToCart(P02_LandingPage.java:33)]  - number of all products: 6
[INFO] 30-09-2025 15:04:01 [main] [Pages.P02_LandingPage.getNumberOfProductsOnCartIcon(P02_LandingPage.java:43)]  - number of products on cart: 6
[INFO] 30-09-2025 15:04:01 [main] [Pages.P02_LandingPage.getNumberOfSelectedProducts(P02_LandingPage.java:54)]  - selected products: 6
[INFO] 30-09-2025 15:04:01 [main] [Listeners.IInvokedMethodListenerClass.afterInvocation(IInvokedMethodListenerClass.java:31)]  - Test Case checkingNumberOfSelectedProductsTC passed
]]></system-out>
    <system-err><![CDATA[Sep 30, 2025 3:03:59 PM org.openqa.selenium.manager.SeleniumManager lambda$runCommand$1
WARNING: There was an error managing msedgedriver (error sending request for url (https://msedgedriver.azureedge.net/LATEST_RELEASE_140_WINDOWS): error trying to connect: dns error: No such host is known. (os error 11001)); using driver found in the cache
Sep 30, 2025 3:04:00 PM org.openqa.selenium.devtools.CdpVersionFinder findNearestMatch
WARNING: Unable to find CDP implementation matching 140
Sep 30, 2025 3:04:00 PM org.openqa.selenium.chromium.ChromiumDriver lambda$new$5
WARNING: Unable to find version of CDP to use for 140.0.3485.94. You may need to include a dependency on a specific version of the CDP using something similar to `org.seleniumhq.selenium:selenium-devtools-v86:4.18.1` where the version ("v86") matches the version of the chromium-based browser you're using and the version number of the artifact is the same as Selenium's.
]]></system-err>
  </testcase>
  <testcase name="clickOnCartIcon" classname="Tests.TC02_LandingTest" time="0.093">
    <system-out><![CDATA[[INFO] 30-09-2025 15:04:01 [main] [Listeners.IInvokedMethodListenerClass.afterInvocation(IInvokedMethodListenerClass.java:31)]  - Test Case quit passed
[INFO] 30-09-2025 15:04:01 [main] [Tests.TC02_LandingTest.setup(TC02_LandingTest.java:48)]  - null
[INFO] 30-09-2025 15:04:02 [main] [Tests.TC02_LandingTest.setup(TC02_LandingTest.java:50)]  - Edge driver is opened
[INFO] 30-09-2025 15:04:03 [main] [Tests.TC02_LandingTest.setup(TC02_LandingTest.java:52)]  - Page is redirected to the URL
[INFO] 30-09-2025 15:04:03 [main] [Listeners.IInvokedMethodListenerClass.afterInvocation(IInvokedMethodListenerClass.java:31)]  - Test Case setup passed
[INFO] 30-09-2025 15:04:03 [main] [Listeners.ITestResultListenerClass.onTestStart(ITestResultListenerClass.java:9)]  - Test Case clickOnCartIcon started
[INFO] 30-09-2025 15:04:03 [main] [Listeners.IInvokedMethodListenerClass.afterInvocation(IInvokedMethodListenerClass.java:31)]  - Test Case clickOnCartIcon passed
]]></system-out>
    <system-err><![CDATA[Sep 30, 2025 3:04:02 PM org.openqa.selenium.manager.SeleniumManager lambda$runCommand$1
WARNING: There was an error managing msedgedriver (error sending request for url (https://msedgedriver.azureedge.net/LATEST_RELEASE_140_WINDOWS): error trying to connect: dns error: No such host is known. (os error 11001)); using driver found in the cache
Sep 30, 2025 3:04:02 PM org.openqa.selenium.devtools.CdpVersionFinder findNearestMatch
WARNING: Unable to find CDP implementation matching 140
Sep 30, 2025 3:04:02 PM org.openqa.selenium.chromium.ChromiumDriver lambda$new$5
WARNING: Unable to find version of CDP to use for 140.0.3485.94. You may need to include a dependency on a specific version of the CDP using something similar to `org.seleniumhq.selenium:selenium-devtools-v86:4.18.1` where the version ("v86") matches the version of the chromium-based browser you're using and the version number of the artifact is the same as Selenium's.
]]></system-err>
  </testcase>
  <testcase name="comparingPricesTC" classname="Tests.TC03_CartTest" time="0.473">
    <system-out><![CDATA[[INFO] 30-09-2025 15:04:03 [main] [Listeners.IInvokedMethodListenerClass.afterInvocation(IInvokedMethodListenerClass.java:31)]  - Test Case quit passed
[INFO] 30-09-2025 15:04:03 [main] [Listeners.IInvokedMethodListenerClass.afterInvocation(IInvokedMethodListenerClass.java:31)]  - Test Case deleteSession passed
[INFO] 30-09-2025 15:04:03 [main] [Tests.TC03_CartTest.setup(TC03_CartTest.java:30)]  - null
[INFO] 30-09-2025 15:04:04 [main] [Tests.TC03_CartTest.setup(TC03_CartTest.java:32)]  - Edge driver is opened
[INFO] 30-09-2025 15:04:05 [main] [Tests.TC03_CartTest.setup(TC03_CartTest.java:34)]  - Page is redirected to the URL
[INFO] 30-09-2025 15:04:05 [main] [Listeners.IInvokedMethodListenerClass.afterInvocation(IInvokedMethodListenerClass.java:31)]  - Test Case setup passed
[INFO] 30-09-2025 15:04:05 [main] [Listeners.ITestResultListenerClass.onTestStart(ITestResultListenerClass.java:9)]  - Test Case comparingPricesTC started
[INFO] 30-09-2025 15:04:05 [main] [Pages.P02_LandingPage.addRandomProducts(P02_LandingPage.java:65)]  - randomNumber 5
[INFO] 30-09-2025 15:04:05 [main] [Pages.P02_LandingPage.addRandomProducts(P02_LandingPage.java:65)]  - randomNumber 6
[INFO] 30-09-2025 15:04:05 [main] [Pages.P02_LandingPage.getTotalPriceOfSelectedProducts(P02_LandingPage.java:90)]  - Total Price 23.98
[INFO] 30-09-2025 15:04:05 [main] [Pages.P03_CartPage.getTotalPrice(P03_CartPage.java:31)]  - Total Price 23.98
[INFO] 30-09-2025 15:04:05 [main] [Listeners.IInvokedMethodListenerClass.afterInvocation(IInvokedMethodListenerClass.java:31)]  - Test Case comparingPricesTC passed
]]></system-out>
    <system-err><![CDATA[Sep 30, 2025 3:04:04 PM org.openqa.selenium.manager.SeleniumManager lambda$runCommand$1
WARNING: There was an error managing msedgedriver (error sending request for url (https://msedgedriver.azureedge.net/LATEST_RELEASE_140_WINDOWS): error trying to connect: dns error: No such host is known. (os error 11001)); using driver found in the cache
Sep 30, 2025 3:04:04 PM org.openqa.selenium.devtools.CdpVersionFinder findNearestMatch
WARNING: Unable to find CDP implementation matching 140
Sep 30, 2025 3:04:04 PM org.openqa.selenium.chromium.ChromiumDriver lambda$new$5
WARNING: Unable to find version of CDP to use for 140.0.3485.94. You may need to include a dependency on a specific version of the CDP using something similar to `org.seleniumhq.selenium:selenium-devtools-v86:4.18.1` where the version ("v86") matches the version of the chromium-based browser you're using and the version number of the artifact is the same as Selenium's.
]]></system-err>
  </testcase>
  <testcase name="checkoutStepOneTC" classname="Tests.TC04_CheckoutTest" time="0.691">
    <system-out><![CDATA[[INFO] 30-09-2025 15:04:05 [main] [Listeners.IInvokedMethodListenerClass.afterInvocation(IInvokedMethodListenerClass.java:31)]  - Test Case quit passed
[INFO] 30-09-2025 15:04:05 [main] [Tests.TC04_CheckoutTest.setup(TC04_CheckoutTest.java:36)]  - null
[INFO] 30-09-2025 15:04:06 [main] [Tests.TC04_CheckoutTest.setup(TC04_CheckoutTest.java:38)]  - Edge driver is opened
[INFO] 30-09-2025 15:04:07 [main] [Tests.TC04_CheckoutTest.setup(TC04_CheckoutTest.java:40)]  - Page is redirected to the URL
[INFO] 30-09-2025 15:04:07 [main] [Listeners.IInvokedMethodListenerClass.afterInvocation(IInvokedMethodListenerClass.java:31)]  - Test Case setup passed
[INFO] 30-09-2025 15:04:07 [main] [Listeners.ITestResultListenerClass.onTestStart(ITestResultListenerClass.java:9)]  - Test Case checkoutStepOneTC started
[INFO] 30-09-2025 15:04:07 [main] [Pages.P02_LandingPage.addRandomProducts(P02_LandingPage.java:65)]  - randomNumber 2
[INFO] 30-09-2025 15:04:07 [main] [Pages.P02_LandingPage.addRandomProducts(P02_LandingPage.java:65)]  - randomNumber 3
[INFO] 30-09-2025 15:04:07 [main] [Tests.TC04_CheckoutTest.checkoutStepOneTC(TC04_CheckoutTest.java:60)]  - fTest-2025-09-30-03-03-51PM lTest-2025-09-30-03-03-51PM 20934
[INFO] 30-09-2025 15:04:07 [main] [Listeners.IInvokedMethodListenerClass.afterInvocation(IInvokedMethodListenerClass.java:31)]  - Test Case checkoutStepOneTC passed
]]></system-out>
    <system-err><![CDATA[Sep 30, 2025 3:04:06 PM org.openqa.selenium.manager.SeleniumManager lambda$runCommand$1
WARNING: There was an error managing msedgedriver (error sending request for url (https://msedgedriver.azureedge.net/LATEST_RELEASE_140_WINDOWS): error trying to connect: dns error: No such host is known. (os error 11001)); using driver found in the cache
Sep 30, 2025 3:04:06 PM org.openqa.selenium.devtools.CdpVersionFinder findNearestMatch
WARNING: Unable to find CDP implementation matching 140
Sep 30, 2025 3:04:06 PM org.openqa.selenium.chromium.ChromiumDriver lambda$new$5
WARNING: Unable to find version of CDP to use for 140.0.3485.94. You may need to include a dependency on a specific version of the CDP using something similar to `org.seleniumhq.selenium:selenium-devtools-v86:4.18.1` where the version ("v86") matches the version of the chromium-based browser you're using and the version number of the artifact is the same as Selenium's.
]]></system-err>
  </testcase>
  <testcase name="checkoutStepTwoTC" classname="Tests.TC05_OverviewTest" time="0.961">
    <system-out><![CDATA[[INFO] 30-09-2025 15:04:08 [main] [Listeners.IInvokedMethodListenerClass.afterInvocation(IInvokedMethodListenerClass.java:31)]  - Test Case quit passed
[INFO] 30-09-2025 15:04:08 [main] [Tests.TC05_OverviewTest.setup(TC05_OverviewTest.java:33)]  - null
[INFO] 30-09-2025 15:04:08 [main] [Tests.TC05_OverviewTest.setup(TC05_OverviewTest.java:35)]  - Edge driver is opened
[INFO] 30-09-2025 15:04:09 [main] [Tests.TC05_OverviewTest.setup(TC05_OverviewTest.java:37)]  - Page is redirected to the URL
[INFO] 30-09-2025 15:04:09 [main] [Listeners.IInvokedMethodListenerClass.afterInvocation(IInvokedMethodListenerClass.java:31)]  - Test Case setup passed
[INFO] 30-09-2025 15:04:09 [main] [Listeners.ITestResultListenerClass.onTestStart(ITestResultListenerClass.java:9)]  - Test Case checkoutStepTwoTC started
[INFO] 30-09-2025 15:04:09 [main] [Pages.P02_LandingPage.addAllProductsToCart(P02_LandingPage.java:33)]  - number of all products: 6
[INFO] 30-09-2025 15:04:10 [main] [Tests.TC05_OverviewTest.checkoutStepTwoTC(TC05_OverviewTest.java:57)]  - fTest-2025-09-30-03-03-51PM lTest-2025-09-30-03-03-51PM 31124
[INFO] 30-09-2025 15:04:10 [main] [Pages.P05_OverviewPage.calculateTotalPrice(P05_OverviewPage.java:34)]  - Calculated Total Price: 140.34
[INFO] 30-09-2025 15:04:10 [main] [Pages.P05_OverviewPage.getTotal(P05_OverviewPage.java:29)]  - Actual Total Price: 140.34
[INFO] 30-09-2025 15:04:10 [main] [Listeners.IInvokedMethodListenerClass.afterInvocation(IInvokedMethodListenerClass.java:31)]  - Test Case checkoutStepTwoTC passed
]]></system-out>
    <system-err><![CDATA[Sep 30, 2025 3:04:08 PM org.openqa.selenium.manager.SeleniumManager lambda$runCommand$1
WARNING: There was an error managing msedgedriver (error sending request for url (https://msedgedriver.azureedge.net/LATEST_RELEASE_140_WINDOWS): error trying to connect: dns error: No such host is known. (os error 11001)); using driver found in the cache
Sep 30, 2025 3:04:08 PM org.openqa.selenium.devtools.CdpVersionFinder findNearestMatch
WARNING: Unable to find CDP implementation matching 140
Sep 30, 2025 3:04:08 PM org.openqa.selenium.chromium.ChromiumDriver lambda$new$5
WARNING: Unable to find version of CDP to use for 140.0.3485.94. You may need to include a dependency on a specific version of the CDP using something similar to `org.seleniumhq.selenium:selenium-devtools-v86:4.18.1` where the version ("v86") matches the version of the chromium-based browser you're using and the version number of the artifact is the same as Selenium's.
]]></system-err>
  </testcase>
  <testcase name="finishOrderTC" classname="Tests.TC06_FinishingOrderTest" time="0.927">
    <system-out><![CDATA[[INFO] 30-09-2025 15:04:10 [main] [Listeners.IInvokedMethodListenerClass.afterInvocation(IInvokedMethodListenerClass.java:31)]  - Test Case quit passed
[INFO] 30-09-2025 15:04:10 [main] [Tests.TC06_FinishingOrderTest.setup(TC06_FinishingOrderTest.java:33)]  - null
[INFO] 30-09-2025 15:04:11 [main] [Tests.TC06_FinishingOrderTest.setup(TC06_FinishingOrderTest.java:35)]  - Edge driver is opened
[INFO] 30-09-2025 15:04:12 [main] [Tests.TC06_FinishingOrderTest.setup(TC06_FinishingOrderTest.java:37)]  - Page is redirected to the URL
[INFO] 30-09-2025 15:04:12 [main] [Listeners.IInvokedMethodListenerClass.afterInvocation(IInvokedMethodListenerClass.java:31)]  - Test Case setup passed
[INFO] 30-09-2025 15:04:12 [main] [Listeners.ITestResultListenerClass.onTestStart(ITestResultListenerClass.java:9)]  - Test Case finishOrderTC started
[INFO] 30-09-2025 15:04:12 [main] [Pages.P02_LandingPage.addAllProductsToCart(P02_LandingPage.java:33)]  - number of all products: 6
[INFO] 30-09-2025 15:04:12 [main] [Tests.TC06_FinishingOrderTest.finishOrderTC(TC06_FinishingOrderTest.java:57)]  - fTest-2025-09-30-03-03-51PM lTest-2025-09-30-03-03-51PM 52449
[INFO] 30-09-2025 15:04:13 [main] [Listeners.IInvokedMethodListenerClass.afterInvocation(IInvokedMethodListenerClass.java:31)]  - Test Case finishOrderTC passed
]]></system-out>
    <system-err><![CDATA[Sep 30, 2025 3:04:10 PM org.openqa.selenium.manager.SeleniumManager lambda$runCommand$1
WARNING: There was an error managing msedgedriver (error sending request for url (https://msedgedriver.azureedge.net/LATEST_RELEASE_140_WINDOWS): error trying to connect: dns error: No such host is known. (os error 11001)); using driver found in the cache
Sep 30, 2025 3:04:11 PM org.openqa.selenium.devtools.CdpVersionFinder findNearestMatch
WARNING: Unable to find CDP implementation matching 140
Sep 30, 2025 3:04:11 PM org.openqa.selenium.chromium.ChromiumDriver lambda$new$5
WARNING: Unable to find version of CDP to use for 140.0.3485.94. You may need to include a dependency on a specific version of the CDP using something similar to `org.seleniumhq.selenium:selenium-devtools-v86:4.18.1` where the version ("v86") matches the version of the chromium-based browser you're using and the version number of the artifact is the same as Selenium's.
]]></system-err>
  </testcase>
</testsuite>