<?xml version="1.0" encoding="UTF-8"?>
<testng-results ignored="0" total="8" passed="8" failed="0" skipped="0">
  <reporter-output>
  </reporter-output>
  <suite started-at="2025-09-30T15:03:51 EEST" name="Regression Suite" finished-at="2025-09-30T15:04:13 EEST" duration-ms="21320">
    <groups>
    </groups>
    <test started-at="2025-09-30T15:03:51 EEST" name="Regression Test" finished-at="2025-09-30T15:04:13 EEST" duration-ms="21320">
      <class name="Tests.TC02_LandingTest">
        <test-method is-config="true" signature="login()[pri:0, instance:Tests.TC02_LandingTest@57adfab0]" started-at="2025-09-30T15:03:55 EEST" name="login" finished-at="2025-09-30T15:03:57 EEST" duration-ms="1893" status="PASS">
          <reporter-output>
          </reporter-output>
        </test-method> <!-- login -->
        <test-method is-config="true" signature="setup()[pri:0, instance:Tests.TC02_LandingTest@57adfab0]" started-at="2025-09-30T15:03:57 EEST" name="setup" finished-at="2025-09-30T15:03:58 EEST" duration-ms="1873" status="PASS">
          <reporter-output>
          </reporter-output>
        </test-method> <!-- setup -->
        <test-method signature="addingRandomProductsToCartTC()[pri:0, instance:Tests.TC02_LandingTest@57adfab0]" started-at="2025-09-30T15:03:58 EEST" name="addingRandomProductsToCartTC" finished-at="2025-09-30T15:03:59 EEST" duration-ms="327" status="PASS">
          <reporter-output>
          </reporter-output>
        </test-method> <!-- addingRandomProductsToCartTC -->
        <test-method is-config="true" signature="quit()[pri:0, instance:Tests.TC02_LandingTest@57adfab0]" started-at="2025-09-30T15:03:59 EEST" name="quit" finished-at="2025-09-30T15:03:59 EEST" duration-ms="119" status="PASS">
          <reporter-output>
          </reporter-output>
        </test-method> <!-- quit -->
        <test-method is-config="true" signature="setup()[pri:0, instance:Tests.TC02_LandingTest@57adfab0]" started-at="2025-09-30T15:03:59 EEST" name="setup" finished-at="2025-09-30T15:04:01 EEST" duration-ms="1889" status="PASS">
          <reporter-output>
          </reporter-output>
        </test-method> <!-- setup -->
        <test-method signature="checkingNumberOfSelectedProductsTC()[pri:0, instance:Tests.TC02_LandingTest@57adfab0]" started-at="2025-09-30T15:04:01 EEST" name="checkingNumberOfSelectedProductsTC" finished-at="2025-09-30T15:04:01 EEST" duration-ms="381" status="PASS">
          <reporter-output>
          </reporter-output>
        </test-method> <!-- checkingNumberOfSelectedProductsTC -->
        <test-method is-config="true" signature="quit()[pri:0, instance:Tests.TC02_LandingTest@57adfab0]" started-at="2025-09-30T15:04:01 EEST" name="quit" finished-at="2025-09-30T15:04:01 EEST" duration-ms="94" status="PASS">
          <reporter-output>
          </reporter-output>
        </test-method> <!-- quit -->
        <test-method is-config="true" signature="setup()[pri:0, instance:Tests.TC02_LandingTest@57adfab0]" started-at="2025-09-30T15:04:01 EEST" name="setup" finished-at="2025-09-30T15:04:03 EEST" duration-ms="1727" status="PASS">
          <reporter-output>
          </reporter-output>
        </test-method> <!-- setup -->
        <test-method signature="clickOnCartIcon()[pri:0, instance:Tests.TC02_LandingTest@57adfab0]" started-at="2025-09-30T15:04:03 EEST" name="clickOnCartIcon" finished-at="2025-09-30T15:04:03 EEST" duration-ms="81" status="PASS">
          <reporter-output>
          </reporter-output>
        </test-method> <!-- clickOnCartIcon -->
        <test-method is-config="true" signature="quit()[pri:0, instance:Tests.TC02_LandingTest@57adfab0]" started-at="2025-09-30T15:04:03 EEST" name="quit" finished-at="2025-09-30T15:04:03 EEST" duration-ms="108" status="PASS">
          <reporter-output>
          </reporter-output>
        </test-method> <!-- quit -->
        <test-method is-config="true" signature="deleteSession()[pri:0, instance:Tests.TC02_LandingTest@57adfab0]" started-at="2025-09-30T15:04:03 EEST" name="deleteSession" finished-at="2025-09-30T15:04:03 EEST" duration-ms="0" status="PASS">
          <reporter-output>
          </reporter-output>
        </test-method> <!-- deleteSession -->
      </class> <!-- Tests.TC02_LandingTest -->
      <class name="Tests.TC03_CartTest">
        <test-method is-config="true" signature="setup()[pri:0, instance:Tests.TC03_CartTest@1949309d]" started-at="2025-09-30T15:04:03 EEST" name="setup" finished-at="2025-09-30T15:04:05 EEST" duration-ms="1494" status="PASS">
          <reporter-output>
          </reporter-output>
        </test-method> <!-- setup -->
        <test-method signature="comparingPricesTC()[pri:0, instance:Tests.TC03_CartTest@1949309d]" started-at="2025-09-30T15:04:05 EEST" name="comparingPricesTC" finished-at="2025-09-30T15:04:05 EEST" duration-ms="463" status="PASS">
          <reporter-output>
          </reporter-output>
        </test-method> <!-- comparingPricesTC -->
        <test-method is-config="true" signature="quit()[pri:0, instance:Tests.TC03_CartTest@1949309d]" started-at="2025-09-30T15:04:05 EEST" name="quit" finished-at="2025-09-30T15:04:05 EEST" duration-ms="104" status="PASS">
          <reporter-output>
          </reporter-output>
        </test-method> <!-- quit -->
      </class> <!-- Tests.TC03_CartTest -->
      <class name="Tests.TC05_OverviewTest">
        <test-method is-config="true" signature="setup()[pri:0, instance:Tests.TC05_OverviewTest@70101687]" started-at="2025-09-30T15:04:08 EEST" name="setup" finished-at="2025-09-30T15:04:09 EEST" duration-ms="1470" status="PASS">
          <reporter-output>
          </reporter-output>
        </test-method> <!-- setup -->
        <test-method signature="checkoutStepTwoTC()[pri:0, instance:Tests.TC05_OverviewTest@70101687]" started-at="2025-09-30T15:04:09 EEST" name="checkoutStepTwoTC" finished-at="2025-09-30T15:04:10 EEST" duration-ms="951" status="PASS">
          <reporter-output>
          </reporter-output>
        </test-method> <!-- checkoutStepTwoTC -->
        <test-method is-config="true" signature="quit()[pri:0, instance:Tests.TC05_OverviewTest@70101687]" started-at="2025-09-30T15:04:10 EEST" name="quit" finished-at="2025-09-30T15:04:10 EEST" duration-ms="118" status="PASS">
          <reporter-output>
          </reporter-output>
        </test-method> <!-- quit -->
      </class> <!-- Tests.TC05_OverviewTest -->
      <class name="Tests.TC06_FinishingOrderTest">
        <test-method is-config="true" signature="setup()[pri:0, instance:Tests.TC06_FinishingOrderTest@70e889e9]" started-at="2025-09-30T15:04:10 EEST" name="setup" finished-at="2025-09-30T15:04:12 EEST" duration-ms="1503" status="PASS">
          <reporter-output>
          </reporter-output>
        </test-method> <!-- setup -->
        <test-method signature="finishOrderTC()[pri:0, instance:Tests.TC06_FinishingOrderTest@70e889e9]" started-at="2025-09-30T15:04:12 EEST" name="finishOrderTC" finished-at="2025-09-30T15:04:13 EEST" duration-ms="918" status="PASS">
          <reporter-output>
          </reporter-output>
        </test-method> <!-- finishOrderTC -->
        <test-method is-config="true" signature="quit()[pri:0, instance:Tests.TC06_FinishingOrderTest@70e889e9]" started-at="2025-09-30T15:04:13 EEST" name="quit" finished-at="2025-09-30T15:04:13 EEST" duration-ms="83" status="PASS">
          <reporter-output>
          </reporter-output>
        </test-method> <!-- quit -->
      </class> <!-- Tests.TC06_FinishingOrderTest -->
      <class name="Tests.TC04_CheckoutTest">
        <test-method is-config="true" signature="setup()[pri:0, instance:Tests.TC04_CheckoutTest@2bef09c0]" started-at="2025-09-30T15:04:05 EEST" name="setup" finished-at="2025-09-30T15:04:07 EEST" duration-ms="1373" status="PASS">
          <reporter-output>
          </reporter-output>
        </test-method> <!-- setup -->
        <test-method signature="checkoutStepOneTC()[pri:0, instance:Tests.TC04_CheckoutTest@2bef09c0]" started-at="2025-09-30T15:04:07 EEST" name="checkoutStepOneTC" finished-at="2025-09-30T15:04:07 EEST" duration-ms="681" status="PASS">
          <reporter-output>
          </reporter-output>
        </test-method> <!-- checkoutStepOneTC -->
        <test-method is-config="true" signature="quit()[pri:0, instance:Tests.TC04_CheckoutTest@2bef09c0]" started-at="2025-09-30T15:04:07 EEST" name="quit" finished-at="2025-09-30T15:04:08 EEST" duration-ms="85" status="PASS">
          <reporter-output>
          </reporter-output>
        </test-method> <!-- quit -->
      </class> <!-- Tests.TC04_CheckoutTest -->
      <class name="Tests.TC01_LoginTest">
        <test-method is-config="true" signature="setup()[pri:0, instance:Tests.TC01_LoginTest@77d18d0b]" started-at="2025-09-30T15:03:51 EEST" name="setup" finished-at="2025-09-30T15:03:54 EEST" duration-ms="2770" status="PASS">
          <reporter-output>
          </reporter-output>
        </test-method> <!-- setup -->
        <test-method signature="validLoginTC()[pri:0, instance:Tests.TC01_LoginTest@77d18d0b]" started-at="2025-09-30T15:03:54 EEST" name="validLoginTC" finished-at="2025-09-30T15:03:55 EEST" duration-ms="293" status="PASS">
          <reporter-output>
          </reporter-output>
        </test-method> <!-- validLoginTC -->
        <test-method is-config="true" signature="quit()[pri:0, instance:Tests.TC01_LoginTest@77d18d0b]" started-at="2025-09-30T15:03:55 EEST" name="quit" finished-at="2025-09-30T15:03:55 EEST" duration-ms="111" status="PASS">
          <reporter-output>
          </reporter-output>
        </test-method> <!-- quit -->
      </class> <!-- Tests.TC01_LoginTest -->
    </test> <!-- Regression Test -->
  </suite> <!-- Regression Suite -->
</testng-results>
