<?xml version="1.0" encoding="UTF-8"?>
<!-- Generated by org.testng.reporters.JUnitXMLReporter -->
<testsuite ignored="0" hostname="Believer" failures="0" tests="8" name="Regression Test" time="21.32" errors="0" timestamp="2025-09-30T15:04:13 EEST">
  <testcase classname="Tests.TC01_LoginTest" name="validLoginTC" time="0.293"/>
  <testcase classname="Tests.TC02_LandingTest" name="addingRandomProductsToCartTC" time="0.327"/>
  <testcase classname="Tests.TC02_LandingTest" name="checkingNumberOfSelectedProductsTC" time="0.381"/>
  <testcase classname="Tests.TC02_LandingTest" name="clickOnCartIcon" time="0.081"/>
  <testcase classname="Tests.TC03_CartTest" name="comparingPricesTC" time="0.463"/>
  <testcase classname="Tests.TC04_CheckoutTest" name="checkoutStepOneTC" time="0.681"/>
  <testcase classname="Tests.TC05_OverviewTest" name="checkoutStepTwoTC" time="0.951"/>
  <testcase classname="Tests.TC06_FinishingOrderTest" name="finishOrderTC" time="0.918"/>
</testsuite> <!-- Regression Test -->
